<?xml version="1.0" encoding="UTF-8"?>
<!-- Generated by org.testng.reporters.JUnitReportReporter -->
<testsuite skipped="7" hostname="PAYAL" name="com.qa.AutomateWebsite.TC_AmazonWebsite" tests="8" failures="0" timestamp="04 May 2021 17:32:49 GMT" time="0.001" errors="1">
  <testcase name="invokeBrowser" time="0.000" classname="com.qa.AutomateWebsite.TC_AmazonWebsite">
    <error type="org.testng.TestNGException" message="
Parameter &#039;Browser&#039; is required by BeforeClass on method invokeBrowser but has not been marked @Optional or defined
in C:\Users\DELL\AppData\Local\Temp\testng-eclipse-1572382341\testng-customsuite.xml">
      <![CDATA[org.testng.TestNGException: 
Parameter 'Browser' is required by BeforeClass on method invokeBrowser but has not been marked @Optional or defined
in C:\Users\DELL\AppData\Local\Temp\testng-eclipse-1572382341\testng-customsuite.xml
	at org.testng.internal.Parameters.createParameters(Parameters.java:199)
	at org.testng.internal.Parameters.createParameters(Parameters.java:443)
	at org.testng.internal.Parameters.createConfigurationParameters(Parameters.java:118)
	at org.testng.internal.Invoker.invokeConfigurations(Invoker.java:206)
	at org.testng.internal.Invoker.invokeConfigurations(Invoker.java:146)
	at org.testng.internal.TestMethodWorker.invokeBeforeClassMethods(TestMethodWorker.java:166)
	at org.testng.internal.TestMethodWorker.run(TestMethodWorker.java:105)
	at org.testng.TestRunner.privateRun(TestRunner.java:744)
	at org.testng.TestRunner.run(TestRunner.java:602)
	at org.testng.SuiteRunner.runTest(SuiteRunner.java:380)
	at org.testng.SuiteRunner.runSequentially(SuiteRunner.java:375)
	at org.testng.SuiteRunner.privateRun(SuiteRunner.java:340)
	at org.testng.SuiteRunner.run(SuiteRunner.java:289)
	at org.testng.SuiteRunnerWorker.runSuite(SuiteRunnerWorker.java:52)
	at org.testng.SuiteRunnerWorker.run(SuiteRunnerWorker.java:86)
	at org.testng.TestNG.runSuitesSequentially(TestNG.java:1301)
	at org.testng.TestNG.runSuitesLocally(TestNG.java:1226)
	at org.testng.TestNG.runSuites(TestNG.java:1144)
	at org.testng.TestNG.run(TestNG.java:1115)
	at org.testng.remote.AbstractRemoteTestNG.run(AbstractRemoteTestNG.java:115)
	at org.testng.remote.RemoteTestNG.initAndRun(RemoteTestNG.java:251)
	at org.testng.remote.RemoteTestNG.main(RemoteTestNG.java:77)
]]>
    </error>
  </testcase> <!-- invokeBrowser -->
  <testcase name="MobileRecharge" time="0.000" classname="com.qa.AutomateWebsite.TC_AmazonWebsite">
    <skipped/>
  </testcase> <!-- MobileRecharge -->
  <testcase name="MobileRecharge" time="0.000" classname="com.qa.AutomateWebsite.TC_AmazonWebsite">
    <skipped/>
  </testcase> <!-- MobileRecharge -->
  <testcase name="MobileRecharge" time="0.001" classname="com.qa.AutomateWebsite.TC_AmazonWebsite">
    <skipped/>
  </testcase> <!-- MobileRecharge -->
  <testcase name="MobileRecharge" time="0.000" classname="com.qa.AutomateWebsite.TC_AmazonWebsite">
    <skipped/>
  </testcase> <!-- MobileRecharge -->
  <testcase name="MobileRecharge" time="0.000" classname="com.qa.AutomateWebsite.TC_AmazonWebsite">
    <skipped/>
  </testcase> <!-- MobileRecharge -->
  <testcase name="MobileRecharge" time="0.000" classname="com.qa.AutomateWebsite.TC_AmazonWebsite">
    <skipped/>
  </testcase> <!-- MobileRecharge -->
  <testcase name="MobileRecharge" time="0.000" classname="com.qa.AutomateWebsite.TC_AmazonWebsite">
    <skipped/>
  </testcase> <!-- MobileRecharge -->
</testsuite> <!-- com.qa.AutomateWebsite.TC_AmazonWebsite -->
